<?xml version="1.0" encoding="UTF-8"?>
<!-- Generated by org.testng.reporters.JUnitReportReporter -->
<testsuite skipped="1" hostname="Shahar-T440P" name="assessment.EmailVerificationTest" tests="1" failures="0" timestamp="31 Oct 2016 10:13:02 GMT" time="0.000" errors="0">
  <testcase name="EmailTest" time="0.000" classname="assessment.EmailVerificationTest">
    <skipped/>
  </testcase> <!-- EmailTest -->
</testsuite> <!-- assessment.EmailVerificationTest -->
